<?xml version="1.0" encoding="UTF-8"?>
<testsuite name="com.trello.qa26.tests.ChangeAvatar" tests="1" skipped="0" failures="0" errors="0" timestamp="2021-01-29T19:51:57" hostname="YULIA" time="33.925">
  <properties/>
  <testcase name="testChangeAvatar" classname="com.trello.qa26.tests.ChangeAvatar" time="33.925"/>
  <system-out><![CDATA[]]></system-out>
  <system-err><![CDATA[Starting ChromeDriver 88.0.4324.96 (68dba2d8a0b149a1d3afac56fa74648032bcf46b-refs/branch-heads/4324@{#1784}) on port 11742
Only local connections are allowed.
Please see https://chromedriver.chromium.org/security-considerations for suggestions on keeping ChromeDriver safe.
ChromeDriver was started successfully.
янв 29, 2021 10:50:41 PM org.openqa.selenium.remote.ProtocolHandshake createSession
INFO: Detected dialect: W3C
]]></system-err>
</testsuite>
